[2026-04-16 02:14:26] WARNING: Undefined variable $baseUrl in C:\Users\Taha Sarwar\Desktop\spotplug\reseller-website\includes\header.php on line 17 (URL: /upgrade.php?package=5-keys, Method: GET, IP: ::1)
[2026-04-16 02:16:09] WARNING: Undefined variable $baseUrl in C:\Users\Taha Sarwar\Desktop\spotplug\reseller-website\includes\header.php on line 17 (URL: /renew.php, Method: GET, IP: ::1)
[2026-04-16 02:16:09] WARNING: Undefined array key "QUERY_STRING" in C:\Users\Taha Sarwar\Desktop\spotplug\reseller-website\includes\header.php on line 17 (URL: /renew.php, Method: GET, IP: ::1)
[2026-04-16 02:16:12] WARNING: Undefined variable $baseUrl in C:\Users\Taha Sarwar\Desktop\spotplug\reseller-website\includes\header.php on line 17 (URL: /info.php, Method: GET, IP: ::1)
[2026-04-16 02:16:12] WARNING: Undefined array key "QUERY_STRING" in C:\Users\Taha Sarwar\Desktop\spotplug\reseller-website\includes\header.php on line 17 (URL: /info.php, Method: GET, IP: ::1)
[2026-04-16 02:27:40] WARNING: Undefined variable $baseUrl in C:\Users\Taha Sarwar\Desktop\spotplug\reseller-website\includes\header.php on line 17 (URL: /upgrade.php, Method: GET, IP: ::1)
[2026-04-16 02:27:40] WARNING: Undefined array key "QUERY_STRING" in C:\Users\Taha Sarwar\Desktop\spotplug\reseller-website\includes\header.php on line 17 (URL: /upgrade.php, Method: GET, IP: ::1)
[2026-04-16 02:27:43] WARNING: Undefined variable $baseUrl in C:\Users\Taha Sarwar\Desktop\spotplug\reseller-website\includes\header.php on line 17 (URL: /info.php, Method: GET, IP: ::1)
[2026-04-16 02:27:43] WARNING: Undefined array key "QUERY_STRING" in C:\Users\Taha Sarwar\Desktop\spotplug\reseller-website\includes\header.php on line 17 (URL: /info.php, Method: GET, IP: ::1)
[2026-04-16 02:28:08] WARNING: Undefined variable $baseUrl in C:\Users\Taha Sarwar\Desktop\spotplug\reseller-website\includes\header.php on line 17 (URL: /upgrade.php, Method: GET, IP: ::1)
[2026-04-16 02:28:08] WARNING: Undefined array key "QUERY_STRING" in C:\Users\Taha Sarwar\Desktop\spotplug\reseller-website\includes\header.php on line 17 (URL: /upgrade.php, Method: GET, IP: ::1)
[2026-04-16 02:28:14] WARNING: Undefined variable $baseUrl in C:\Users\Taha Sarwar\Desktop\spotplug\reseller-website\includes\header.php on line 17 (URL: /upgrade.php?package=5-keys, Method: GET, IP: ::1)
[2026-04-16 02:29:33] WARNING: Undefined variable $baseUrl in C:\Users\Taha Sarwar\Desktop\spotplug\reseller-website\includes\header.php on line 17 (URL: /upgrade.php, Method: GET, IP: ::1)
[2026-04-16 02:29:33] WARNING: Undefined array key "QUERY_STRING" in C:\Users\Taha Sarwar\Desktop\spotplug\reseller-website\includes\header.php on line 17 (URL: /upgrade.php, Method: GET, IP: ::1)
[2026-04-16 02:29:48] WARNING: Undefined variable $baseUrl in C:\Users\Taha Sarwar\Desktop\spotplug\reseller-website\includes\header.php on line 17 (URL: /renew.php, Method: GET, IP: ::1)
[2026-04-16 02:29:48] WARNING: Undefined array key "QUERY_STRING" in C:\Users\Taha Sarwar\Desktop\spotplug\reseller-website\includes\header.php on line 17 (URL: /renew.php, Method: GET, IP: ::1)
[2026-04-16 02:30:01] WARNING: Undefined variable $baseUrl in C:\Users\Taha Sarwar\Desktop\spotplug\reseller-website\includes\header.php on line 17 (URL: /info.php, Method: GET, IP: ::1)
[2026-04-16 02:30:01] WARNING: Undefined array key "QUERY_STRING" in C:\Users\Taha Sarwar\Desktop\spotplug\reseller-website\includes\header.php on line 17 (URL: /info.php, Method: GET, IP: ::1)
[2026-04-16 02:30:53] WARNING: Undefined variable $baseUrl in C:\Users\Taha Sarwar\Desktop\spotplug\reseller-website\includes\header.php on line 17 (URL: /renew.php, Method: GET, IP: ::1)
[2026-04-16 02:30:53] WARNING: Undefined array key "QUERY_STRING" in C:\Users\Taha Sarwar\Desktop\spotplug\reseller-website\includes\header.php on line 17 (URL: /renew.php, Method: GET, IP: ::1)
